<?xml version="1.0" encoding="UTF-8"?>
<!-- Generated by org.testng.reporters.JUnitReportReporter -->
<testsuite hostname="DESKTOP-81RRLCS" failures="0" tests="2" name="com.salesforce.test.testapp.AppTest" time="42.293" errors="0" timestamp="15 abr. 2024 03:30:19 GMT" skipped="0">
  <testcase classname="com.salesforce.test.testapp.AppTest" name="editAccountTest" time="21.212"/>
  <testcase classname="com.salesforce.test.testapp.AppTest" name="createAccountTest" time="21.081"/>
</testsuite> <!-- com.salesforce.test.testapp.AppTest -->
